<?xml version="1.0" encoding="UTF-8"?>
<testsuite xmlns:xsi="http://www.w3.org/2001/XMLSchema-instance" xsi:schemaLocation="https://maven.apache.org/surefire/maven-surefire-plugin/xsd/surefire-test-report.xsd" name="com.codeinstance.hibernatelab.TestEmployeeService" time="4.341" tests="9" errors="0" skipped="0" failures="0">
  <properties>
[...]
</properties>
  <testcase name="testEmployeeReadUsingLoadSessionClear" classname="com.codeinstance.hibernatelab.TestEmployeeService" time="2.245"/>
  <testcase name="testEmployeeReadUsingGetSessionClear" classname="com.codeinstance.hibernatelab.TestEmployeeService" time="0.26"/>
  <testcase name="testEmployeeReadInSession" classname="com.codeinstance.hibernatelab.TestEmployeeService" time="0.337"/>
  <testcase name="testEmployeeReadUsingGet" classname="com.codeinstance.hibernatelab.TestEmployeeService" time="0.334"/>
  <testcase name="testEmployeeRead" classname="com.codeinstance.hibernatelab.TestEmployeeService" time="0.183"/>
  <testcase name="testEmployeeCreate" classname="com.codeinstance.hibernatelab.TestEmployeeService" time="0.073"/>
  <testcase name="testEmployeeReadUsingLoad" classname="com.codeinstance.hibernatelab.TestEmployeeService" time="0.116"/>
  <testcase name="testEmployeeReadInvalidNonPrimaryKey" classname="com.codeinstance.hibernatelab.TestEmployeeService" time="0.545"/>
  <testcase name="testEmployeeReadNonPrimaryKey" classname="com.codeinstance.hibernatelab.TestEmployeeService" time="0.147"/>
</testsuite>